2022-04-13 10:56:34.122938: W tensorflow/stream_executor/platform/default/dso_loader.cc:55] Could not load dynamic library 'libnvinfer.so.6'; dlerror: libnvinfer.so.6: cannot open shared object file: No such file or directory; LD_LIBRARY_PATH: /opt/intel/compilers_and_libraries_2018.1.163/linux/tbb/lib/intel64_lin/gcc4.7:/opt/intel/compilers_and_libraries_2018.1.163/linux/compiler/lib/intel64_lin:/opt/intel/compilers_and_libraries_2018.1.163/linux/mkl/lib/intel64_lin::/usr/local/cuda/lib64:/usr/local/cuda/extras/CUPTI/lib64/
2022-04-13 10:56:34.123065: W tensorflow/stream_executor/platform/default/dso_loader.cc:55] Could not load dynamic library 'libnvinfer_plugin.so.6'; dlerror: libnvinfer_plugin.so.6: cannot open shared object file: No such file or directory; LD_LIBRARY_PATH: /opt/intel/compilers_and_libraries_2018.1.163/linux/tbb/lib/intel64_lin/gcc4.7:/opt/intel/compilers_and_libraries_2018.1.163/linux/compiler/lib/intel64_lin:/opt/intel/compilers_and_libraries_2018.1.163/linux/mkl/lib/intel64_lin::/usr/local/cuda/lib64:/usr/local/cuda/extras/CUPTI/lib64/
2022-04-13 10:56:34.123074: W tensorflow/compiler/tf2tensorrt/utils/py_utils.cc:30] Cannot dlopen some TensorRT libraries. If you would like to use Nvidia GPU with TensorRT, please make sure the missing libraries mentioned above are installed properly.
2022-04-13 10:56:34.924097: I tensorflow/stream_executor/platform/default/dso_loader.cc:44] Successfully opened dynamic library libcuda.so.1
2022-04-13 10:56:35.030199: E tensorflow/stream_executor/cuda/cuda_driver.cc:351] failed call to cuInit: CUDA_ERROR_NO_DEVICE: no CUDA-capable device is detected
2022-04-13 10:56:35.030268: I tensorflow/stream_executor/cuda/cuda_diagnostics.cc:156] kernel driver does not appear to be running on this host (btp-sem-8): /proc/driver/nvidia/version does not exist
2022-04-13 10:56:35.030754: I tensorflow/core/platform/cpu_feature_guard.cc:142] Your CPU supports instructions that this TensorFlow binary was not compiled to use: AVX2 AVX512F FMA
2022-04-13 10:56:35.042827: I tensorflow/core/platform/profile_utils/cpu_utils.cc:94] CPU Frequency: 2793435000 Hz
2022-04-13 10:56:35.048080: I tensorflow/compiler/xla/service/service.cc:168] XLA service 0x55fe70686b10 initialized for platform Host (this does not guarantee that XLA will be used). Devices:
2022-04-13 10:56:35.048126: I tensorflow/compiler/xla/service/service.cc:176]   StreamExecutor device (0): Host, Default Version
2022-04-13 10:56:54.993957: W tensorflow/core/common_runtime/base_collective_executor.cc:217] BaseCollectiveExecutor::StartAbort Out of range: End of sequence
	 [[{{node IteratorGetNext}}]]
2022-04-13 10:56:55.976399: W tensorflow/core/common_runtime/base_collective_executor.cc:217] BaseCollectiveExecutor::StartAbort Out of range: End of sequence
	 [[{{node IteratorGetNext}}]]
2022-04-13 10:57:11.368777: W tensorflow/core/common_runtime/base_collective_executor.cc:217] BaseCollectiveExecutor::StartAbort Out of range: End of sequence
	 [[{{node IteratorGetNext}}]]
2022-04-13 10:57:26.456030: W tensorflow/core/common_runtime/base_collective_executor.cc:217] BaseCollectiveExecutor::StartAbort Out of range: End of sequence
	 [[{{node IteratorGetNext}}]]
2022-04-13 10:57:40.884366: W tensorflow/core/common_runtime/base_collective_executor.cc:217] BaseCollectiveExecutor::StartAbort Out of range: End of sequence
	 [[{{node IteratorGetNext}}]]
2022-04-13 10:57:55.394447: W tensorflow/core/common_runtime/base_collective_executor.cc:217] BaseCollectiveExecutor::StartAbort Out of range: End of sequence
	 [[{{node IteratorGetNext}}]]
2022-04-13 10:58:09.466742: W tensorflow/core/common_runtime/base_collective_executor.cc:217] BaseCollectiveExecutor::StartAbort Out of range: End of sequence
	 [[{{node IteratorGetNext}}]]
2022-04-13 10:58:23.379546: W tensorflow/core/common_runtime/base_collective_executor.cc:217] BaseCollectiveExecutor::StartAbort Out of range: End of sequence
	 [[{{node IteratorGetNext}}]]
2022-04-13 10:58:37.402507: W tensorflow/core/common_runtime/base_collective_executor.cc:217] BaseCollectiveExecutor::StartAbort Out of range: End of sequence
	 [[{{node IteratorGetNext}}]]
2022-04-13 10:58:51.350243: W tensorflow/core/common_runtime/base_collective_executor.cc:217] BaseCollectiveExecutor::StartAbort Out of range: End of sequence
	 [[{{node IteratorGetNext}}]]
2022-04-13 10:59:04.994678: W tensorflow/core/common_runtime/base_collective_executor.cc:217] BaseCollectiveExecutor::StartAbort Out of range: End of sequence
	 [[{{node IteratorGetNext}}]]
2022-04-13 10:59:19.208062: W tensorflow/core/common_runtime/base_collective_executor.cc:217] BaseCollectiveExecutor::StartAbort Out of range: End of sequence
	 [[{{node IteratorGetNext}}]]
2022-04-13 10:59:33.154561: W tensorflow/core/common_runtime/base_collective_executor.cc:217] BaseCollectiveExecutor::StartAbort Out of range: End of sequence
	 [[{{node IteratorGetNext}}]]
2022-04-13 10:59:46.965313: W tensorflow/core/common_runtime/base_collective_executor.cc:217] BaseCollectiveExecutor::StartAbort Out of range: End of sequence
	 [[{{node IteratorGetNext}}]]
2022-04-13 11:00:00.517380: W tensorflow/core/common_runtime/base_collective_executor.cc:217] BaseCollectiveExecutor::StartAbort Out of range: End of sequence
	 [[{{node IteratorGetNext}}]]
2022-04-13 11:00:13.945609: W tensorflow/core/common_runtime/base_collective_executor.cc:217] BaseCollectiveExecutor::StartAbort Out of range: End of sequence
	 [[{{node IteratorGetNext}}]]
2022-04-13 11:00:28.107070: W tensorflow/core/common_runtime/base_collective_executor.cc:217] BaseCollectiveExecutor::StartAbort Out of range: End of sequence
	 [[{{node IteratorGetNext}}]]
2022-04-13 11:00:41.600865: W tensorflow/core/common_runtime/base_collective_executor.cc:217] BaseCollectiveExecutor::StartAbort Out of range: End of sequence
	 [[{{node IteratorGetNext}}]]
2022-04-13 11:00:54.970645: W tensorflow/core/common_runtime/base_collective_executor.cc:217] BaseCollectiveExecutor::StartAbort Out of range: End of sequence
	 [[{{node IteratorGetNext}}]]
2022-04-13 11:01:08.424268: W tensorflow/core/common_runtime/base_collective_executor.cc:217] BaseCollectiveExecutor::StartAbort Out of range: End of sequence
	 [[{{node IteratorGetNext}}]]
2022-04-13 11:01:21.845712: W tensorflow/core/common_runtime/base_collective_executor.cc:217] BaseCollectiveExecutor::StartAbort Out of range: End of sequence
	 [[{{node IteratorGetNext}}]]
2022-04-13 11:01:35.916853: W tensorflow/core/common_runtime/base_collective_executor.cc:217] BaseCollectiveExecutor::StartAbort Out of range: End of sequence
	 [[{{node IteratorGetNext}}]]
2022-04-13 11:01:49.271283: W tensorflow/core/common_runtime/base_collective_executor.cc:217] BaseCollectiveExecutor::StartAbort Out of range: End of sequence
	 [[{{node IteratorGetNext}}]]
2022-04-13 11:02:02.797227: W tensorflow/core/common_runtime/base_collective_executor.cc:217] BaseCollectiveExecutor::StartAbort Out of range: End of sequence
	 [[{{node IteratorGetNext}}]]
2022-04-13 11:02:16.188668: W tensorflow/core/common_runtime/base_collective_executor.cc:217] BaseCollectiveExecutor::StartAbort Out of range: End of sequence
	 [[{{node IteratorGetNext}}]]
2022-04-13 11:02:29.726698: W tensorflow/core/common_runtime/base_collective_executor.cc:217] BaseCollectiveExecutor::StartAbort Out of range: End of sequence
	 [[{{node IteratorGetNext}}]]
2022-04-13 11:02:43.320248: W tensorflow/core/common_runtime/base_collective_executor.cc:217] BaseCollectiveExecutor::StartAbort Out of range: End of sequence
	 [[{{node IteratorGetNext}}]]
2022-04-13 11:02:56.830067: W tensorflow/core/common_runtime/base_collective_executor.cc:217] BaseCollectiveExecutor::StartAbort Out of range: End of sequence
	 [[{{node IteratorGetNext}}]]
2022-04-13 11:03:10.160189: W tensorflow/core/common_runtime/base_collective_executor.cc:217] BaseCollectiveExecutor::StartAbort Out of range: End of sequence
	 [[{{node IteratorGetNext}}]]
2022-04-13 11:03:23.533941: W tensorflow/core/common_runtime/base_collective_executor.cc:217] BaseCollectiveExecutor::StartAbort Out of range: End of sequence
	 [[{{node IteratorGetNext}}]]
2022-04-13 11:03:36.885294: W tensorflow/core/common_runtime/base_collective_executor.cc:217] BaseCollectiveExecutor::StartAbort Out of range: End of sequence
	 [[{{node IteratorGetNext}}]]
2022-04-13 11:03:50.186340: W tensorflow/core/common_runtime/base_collective_executor.cc:217] BaseCollectiveExecutor::StartAbort Out of range: End of sequence
	 [[{{node IteratorGetNext}}]]
2022-04-13 11:04:03.487554: W tensorflow/core/common_runtime/base_collective_executor.cc:217] BaseCollectiveExecutor::StartAbort Out of range: End of sequence
	 [[{{node IteratorGetNext}}]]
2022-04-13 11:04:16.817921: W tensorflow/core/common_runtime/base_collective_executor.cc:217] BaseCollectiveExecutor::StartAbort Out of range: End of sequence
	 [[{{node IteratorGetNext}}]]
2022-04-13 11:04:30.045628: W tensorflow/core/common_runtime/base_collective_executor.cc:217] BaseCollectiveExecutor::StartAbort Out of range: End of sequence
	 [[{{node IteratorGetNext}}]]
2022-04-13 11:04:43.613384: W tensorflow/core/common_runtime/base_collective_executor.cc:217] BaseCollectiveExecutor::StartAbort Out of range: End of sequence
	 [[{{node IteratorGetNext}}]]
2022-04-13 11:04:57.082963: W tensorflow/core/common_runtime/base_collective_executor.cc:217] BaseCollectiveExecutor::StartAbort Out of range: End of sequence
	 [[{{node IteratorGetNext}}]]
2022-04-13 11:05:10.323300: W tensorflow/core/common_runtime/base_collective_executor.cc:217] BaseCollectiveExecutor::StartAbort Out of range: End of sequence
	 [[{{node IteratorGetNext}}]]
2022-04-13 11:05:24.059272: W tensorflow/core/common_runtime/base_collective_executor.cc:217] BaseCollectiveExecutor::StartAbort Out of range: End of sequence
	 [[{{node IteratorGetNext}}]]
2022-04-13 11:05:37.383156: W tensorflow/core/common_runtime/base_collective_executor.cc:217] BaseCollectiveExecutor::StartAbort Out of range: End of sequence
	 [[{{node IteratorGetNext}}]]
2022-04-13 11:05:50.981224: W tensorflow/core/common_runtime/base_collective_executor.cc:217] BaseCollectiveExecutor::StartAbort Out of range: End of sequence
	 [[{{node IteratorGetNext}}]]
2022-04-13 11:06:04.343519: W tensorflow/core/common_runtime/base_collective_executor.cc:217] BaseCollectiveExecutor::StartAbort Out of range: End of sequence
	 [[{{node IteratorGetNext}}]]
2022-04-13 11:06:17.515650: W tensorflow/core/common_runtime/base_collective_executor.cc:217] BaseCollectiveExecutor::StartAbort Out of range: End of sequence
	 [[{{node IteratorGetNext}}]]
2022-04-13 11:06:30.601642: W tensorflow/core/common_runtime/base_collective_executor.cc:217] BaseCollectiveExecutor::StartAbort Out of range: End of sequence
	 [[{{node IteratorGetNext}}]]
2022-04-13 11:06:44.139250: W tensorflow/core/common_runtime/base_collective_executor.cc:217] BaseCollectiveExecutor::StartAbort Out of range: End of sequence
	 [[{{node IteratorGetNext}}]]
2022-04-13 11:06:57.369771: W tensorflow/core/common_runtime/base_collective_executor.cc:217] BaseCollectiveExecutor::StartAbort Out of range: End of sequence
	 [[{{node IteratorGetNext}}]]
2022-04-13 11:07:10.549213: W tensorflow/core/common_runtime/base_collective_executor.cc:217] BaseCollectiveExecutor::StartAbort Out of range: End of sequence
	 [[{{node IteratorGetNext}}]]
2022-04-13 11:07:23.908023: W tensorflow/core/common_runtime/base_collective_executor.cc:217] BaseCollectiveExecutor::StartAbort Out of range: End of sequence
	 [[{{node IteratorGetNext}}]]
2022-04-13 11:07:37.213937: W tensorflow/core/common_runtime/base_collective_executor.cc:217] BaseCollectiveExecutor::StartAbort Out of range: End of sequence
	 [[{{node IteratorGetNext}}]]
2022-04-13 11:07:50.545368: W tensorflow/core/common_runtime/base_collective_executor.cc:217] BaseCollectiveExecutor::StartAbort Out of range: End of sequence
	 [[{{node IteratorGetNext}}]]
2022-04-13 11:08:04.007743: W tensorflow/core/common_runtime/base_collective_executor.cc:217] BaseCollectiveExecutor::StartAbort Out of range: End of sequence
	 [[{{node IteratorGetNext}}]]
2022-04-13 11:08:17.427108: W tensorflow/core/common_runtime/base_collective_executor.cc:217] BaseCollectiveExecutor::StartAbort Out of range: End of sequence
	 [[{{node IteratorGetNext}}]]
2022-04-13 11:08:30.820205: W tensorflow/core/common_runtime/base_collective_executor.cc:217] BaseCollectiveExecutor::StartAbort Out of range: End of sequence
	 [[{{node IteratorGetNext}}]]
2022-04-13 11:08:44.049209: W tensorflow/core/common_runtime/base_collective_executor.cc:217] BaseCollectiveExecutor::StartAbort Out of range: End of sequence
	 [[{{node IteratorGetNext}}]]
2022-04-13 11:08:57.382929: W tensorflow/core/common_runtime/base_collective_executor.cc:217] BaseCollectiveExecutor::StartAbort Out of range: End of sequence
	 [[{{node IteratorGetNext}}]]
2022-04-13 11:09:10.801762: W tensorflow/core/common_runtime/base_collective_executor.cc:217] BaseCollectiveExecutor::StartAbort Out of range: End of sequence
	 [[{{node IteratorGetNext}}]]
2022-04-13 11:09:24.192001: W tensorflow/core/common_runtime/base_collective_executor.cc:217] BaseCollectiveExecutor::StartAbort Out of range: End of sequence
	 [[{{node IteratorGetNext}}]]
2022-04-13 11:09:37.583433: W tensorflow/core/common_runtime/base_collective_executor.cc:217] BaseCollectiveExecutor::StartAbort Out of range: End of sequence
	 [[{{node IteratorGetNext}}]]
2022-04-13 11:09:50.838387: W tensorflow/core/common_runtime/base_collective_executor.cc:217] BaseCollectiveExecutor::StartAbort Out of range: End of sequence
	 [[{{node IteratorGetNext}}]]
2022-04-13 11:10:03.910592: W tensorflow/core/common_runtime/base_collective_executor.cc:217] BaseCollectiveExecutor::StartAbort Out of range: End of sequence
	 [[{{node IteratorGetNext}}]]
2022-04-13 11:10:17.181277: W tensorflow/core/common_runtime/base_collective_executor.cc:217] BaseCollectiveExecutor::StartAbort Out of range: End of sequence
	 [[{{node IteratorGetNext}}]]
2022-04-13 11:10:30.608336: W tensorflow/core/common_runtime/base_collective_executor.cc:217] BaseCollectiveExecutor::StartAbort Out of range: End of sequence
	 [[{{node IteratorGetNext}}]]
2022-04-13 11:10:44.172091: W tensorflow/core/common_runtime/base_collective_executor.cc:217] BaseCollectiveExecutor::StartAbort Out of range: End of sequence
	 [[{{node IteratorGetNext}}]]
2022-04-13 11:10:57.394019: W tensorflow/core/common_runtime/base_collective_executor.cc:217] BaseCollectiveExecutor::StartAbort Out of range: End of sequence
	 [[{{node IteratorGetNext}}]]
2022-04-13 11:11:10.585125: W tensorflow/core/common_runtime/base_collective_executor.cc:217] BaseCollectiveExecutor::StartAbort Out of range: End of sequence
	 [[{{node IteratorGetNext}}]]
2022-04-13 11:11:24.025770: W tensorflow/core/common_runtime/base_collective_executor.cc:217] BaseCollectiveExecutor::StartAbort Out of range: End of sequence
	 [[{{node IteratorGetNext}}]]
2022-04-13 11:11:37.134732: W tensorflow/core/common_runtime/base_collective_executor.cc:217] BaseCollectiveExecutor::StartAbort Out of range: End of sequence
	 [[{{node IteratorGetNext}}]]
2022-04-13 11:11:50.440097: W tensorflow/core/common_runtime/base_collective_executor.cc:217] BaseCollectiveExecutor::StartAbort Out of range: End of sequence
	 [[{{node IteratorGetNext}}]]
2022-04-13 11:12:03.871769: W tensorflow/core/common_runtime/base_collective_executor.cc:217] BaseCollectiveExecutor::StartAbort Out of range: End of sequence
	 [[{{node IteratorGetNext}}]]
2022-04-13 11:12:17.151305: W tensorflow/core/common_runtime/base_collective_executor.cc:217] BaseCollectiveExecutor::StartAbort Out of range: End of sequence
	 [[{{node IteratorGetNext}}]]
2022-04-13 11:12:30.359813: W tensorflow/core/common_runtime/base_collective_executor.cc:217] BaseCollectiveExecutor::StartAbort Out of range: End of sequence
	 [[{{node IteratorGetNext}}]]
2022-04-13 11:12:43.634100: W tensorflow/core/common_runtime/base_collective_executor.cc:217] BaseCollectiveExecutor::StartAbort Out of range: End of sequence
	 [[{{node IteratorGetNext}}]]
2022-04-13 11:12:56.795256: W tensorflow/core/common_runtime/base_collective_executor.cc:217] BaseCollectiveExecutor::StartAbort Out of range: End of sequence
	 [[{{node IteratorGetNext}}]]
2022-04-13 11:13:10.092475: W tensorflow/core/common_runtime/base_collective_executor.cc:217] BaseCollectiveExecutor::StartAbort Out of range: End of sequence
	 [[{{node IteratorGetNext}}]]
2022-04-13 11:13:23.454501: W tensorflow/core/common_runtime/base_collective_executor.cc:217] BaseCollectiveExecutor::StartAbort Out of range: End of sequence
	 [[{{node IteratorGetNext}}]]
2022-04-13 11:13:36.833389: W tensorflow/core/common_runtime/base_collective_executor.cc:217] BaseCollectiveExecutor::StartAbort Out of range: End of sequence
	 [[{{node IteratorGetNext}}]]
2022-04-13 11:13:50.074028: W tensorflow/core/common_runtime/base_collective_executor.cc:217] BaseCollectiveExecutor::StartAbort Out of range: End of sequence
	 [[{{node IteratorGetNext}}]]
2022-04-13 11:14:03.208099: W tensorflow/core/common_runtime/base_collective_executor.cc:217] BaseCollectiveExecutor::StartAbort Out of range: End of sequence
	 [[{{node IteratorGetNext}}]]
2022-04-13 11:14:16.621119: W tensorflow/core/common_runtime/base_collective_executor.cc:217] BaseCollectiveExecutor::StartAbort Out of range: End of sequence
	 [[{{node IteratorGetNext}}]]
2022-04-13 11:14:30.092830: W tensorflow/core/common_runtime/base_collective_executor.cc:217] BaseCollectiveExecutor::StartAbort Out of range: End of sequence
	 [[{{node IteratorGetNext}}]]
2022-04-13 11:14:43.360202: W tensorflow/core/common_runtime/base_collective_executor.cc:217] BaseCollectiveExecutor::StartAbort Out of range: End of sequence
	 [[{{node IteratorGetNext}}]]
2022-04-13 11:14:56.605974: W tensorflow/core/common_runtime/base_collective_executor.cc:217] BaseCollectiveExecutor::StartAbort Out of range: End of sequence
	 [[{{node IteratorGetNext}}]]
2022-04-13 11:15:09.995196: W tensorflow/core/common_runtime/base_collective_executor.cc:217] BaseCollectiveExecutor::StartAbort Out of range: End of sequence
	 [[{{node IteratorGetNext}}]]
2022-04-13 11:15:23.285521: W tensorflow/core/common_runtime/base_collective_executor.cc:217] BaseCollectiveExecutor::StartAbort Out of range: End of sequence
	 [[{{node IteratorGetNext}}]]
2022-04-13 11:15:36.403188: W tensorflow/core/common_runtime/base_collective_executor.cc:217] BaseCollectiveExecutor::StartAbort Out of range: End of sequence
	 [[{{node IteratorGetNext}}]]
2022-04-13 11:15:49.655657: W tensorflow/core/common_runtime/base_collective_executor.cc:217] BaseCollectiveExecutor::StartAbort Out of range: End of sequence
	 [[{{node IteratorGetNext}}]]
2022-04-13 11:16:02.978286: W tensorflow/core/common_runtime/base_collective_executor.cc:217] BaseCollectiveExecutor::StartAbort Out of range: End of sequence
	 [[{{node IteratorGetNext}}]]
2022-04-13 11:16:16.258208: W tensorflow/core/common_runtime/base_collective_executor.cc:217] BaseCollectiveExecutor::StartAbort Out of range: End of sequence
	 [[{{node IteratorGetNext}}]]
2022-04-13 11:16:29.527705: W tensorflow/core/common_runtime/base_collective_executor.cc:217] BaseCollectiveExecutor::StartAbort Out of range: End of sequence
	 [[{{node IteratorGetNext}}]]
2022-04-13 11:16:42.862935: W tensorflow/core/common_runtime/base_collective_executor.cc:217] BaseCollectiveExecutor::StartAbort Out of range: End of sequence
	 [[{{node IteratorGetNext}}]]
2022-04-13 11:16:56.128592: W tensorflow/core/common_runtime/base_collective_executor.cc:217] BaseCollectiveExecutor::StartAbort Out of range: End of sequence
	 [[{{node IteratorGetNext}}]]
2022-04-13 11:17:09.281655: W tensorflow/core/common_runtime/base_collective_executor.cc:217] BaseCollectiveExecutor::StartAbort Out of range: End of sequence
	 [[{{node IteratorGetNext}}]]
2022-04-13 11:17:22.646860: W tensorflow/core/common_runtime/base_collective_executor.cc:217] BaseCollectiveExecutor::StartAbort Out of range: End of sequence
	 [[{{node IteratorGetNext}}]]
2022-04-13 11:17:36.010830: W tensorflow/core/common_runtime/base_collective_executor.cc:217] BaseCollectiveExecutor::StartAbort Out of range: End of sequence
	 [[{{node IteratorGetNext}}]]
2022-04-13 11:17:49.595421: W tensorflow/core/common_runtime/base_collective_executor.cc:217] BaseCollectiveExecutor::StartAbort Out of range: End of sequence
	 [[{{node IteratorGetNext}}]]
2022-04-13 11:18:02.852961: W tensorflow/core/common_runtime/base_collective_executor.cc:217] BaseCollectiveExecutor::StartAbort Out of range: End of sequence
	 [[{{node IteratorGetNext}}]]
2022-04-13 11:18:16.077700: W tensorflow/core/common_runtime/base_collective_executor.cc:217] BaseCollectiveExecutor::StartAbort Out of range: End of sequence
	 [[{{node IteratorGetNext}}]]
2022-04-13 11:18:29.220378: W tensorflow/core/common_runtime/base_collective_executor.cc:217] BaseCollectiveExecutor::StartAbort Out of range: End of sequence
	 [[{{node IteratorGetNext}}]]
2022-04-13 11:18:42.551265: W tensorflow/core/common_runtime/base_collective_executor.cc:217] BaseCollectiveExecutor::StartAbort Out of range: End of sequence
	 [[{{node IteratorGetNext}}]]
2022-04-13 11:18:55.811509: W tensorflow/core/common_runtime/base_collective_executor.cc:217] BaseCollectiveExecutor::StartAbort Out of range: End of sequence
	 [[{{node IteratorGetNext}}]]
2022-04-13 11:19:09.219895: W tensorflow/core/common_runtime/base_collective_executor.cc:217] BaseCollectiveExecutor::StartAbort Out of range: End of sequence
	 [[{{node IteratorGetNext}}]]
2022-04-13 11:19:22.475430: W tensorflow/core/common_runtime/base_collective_executor.cc:217] BaseCollectiveExecutor::StartAbort Out of range: End of sequence
	 [[{{node IteratorGetNext}}]]
2022-04-13 11:19:35.851635: W tensorflow/core/common_runtime/base_collective_executor.cc:217] BaseCollectiveExecutor::StartAbort Out of range: End of sequence
	 [[{{node IteratorGetNext}}]]
2022-04-13 11:19:49.173216: W tensorflow/core/common_runtime/base_collective_executor.cc:217] BaseCollectiveExecutor::StartAbort Out of range: End of sequence
	 [[{{node IteratorGetNext}}]]
2022-04-13 11:20:02.437126: W tensorflow/core/common_runtime/base_collective_executor.cc:217] BaseCollectiveExecutor::StartAbort Out of range: End of sequence
	 [[{{node IteratorGetNext}}]]
2022-04-13 11:20:15.626169: W tensorflow/core/common_runtime/base_collective_executor.cc:217] BaseCollectiveExecutor::StartAbort Out of range: End of sequence
	 [[{{node IteratorGetNext}}]]
2022-04-13 11:20:28.685156: W tensorflow/core/common_runtime/base_collective_executor.cc:217] BaseCollectiveExecutor::StartAbort Out of range: End of sequence
	 [[{{node IteratorGetNext}}]]
2022-04-13 11:20:41.866923: W tensorflow/core/common_runtime/base_collective_executor.cc:217] BaseCollectiveExecutor::StartAbort Out of range: End of sequence
	 [[{{node IteratorGetNext}}]]
2022-04-13 11:20:55.252061: W tensorflow/core/common_runtime/base_collective_executor.cc:217] BaseCollectiveExecutor::StartAbort Out of range: End of sequence
	 [[{{node IteratorGetNext}}]]
2022-04-13 11:21:08.341627: W tensorflow/core/common_runtime/base_collective_executor.cc:217] BaseCollectiveExecutor::StartAbort Out of range: End of sequence
	 [[{{node IteratorGetNext}}]]
2022-04-13 11:21:21.646533: W tensorflow/core/common_runtime/base_collective_executor.cc:217] BaseCollectiveExecutor::StartAbort Out of range: End of sequence
	 [[{{node IteratorGetNext}}]]
2022-04-13 11:21:34.888568: W tensorflow/core/common_runtime/base_collective_executor.cc:217] BaseCollectiveExecutor::StartAbort Out of range: End of sequence
	 [[{{node IteratorGetNext}}]]
2022-04-13 11:21:48.190780: W tensorflow/core/common_runtime/base_collective_executor.cc:217] BaseCollectiveExecutor::StartAbort Out of range: End of sequence
	 [[{{node IteratorGetNext}}]]
2022-04-13 11:22:01.528601: W tensorflow/core/common_runtime/base_collective_executor.cc:217] BaseCollectiveExecutor::StartAbort Out of range: End of sequence
	 [[{{node IteratorGetNext}}]]
2022-04-13 11:22:14.797561: W tensorflow/core/common_runtime/base_collective_executor.cc:217] BaseCollectiveExecutor::StartAbort Out of range: End of sequence
	 [[{{node IteratorGetNext}}]]
2022-04-13 11:22:28.137934: W tensorflow/core/common_runtime/base_collective_executor.cc:217] BaseCollectiveExecutor::StartAbort Out of range: End of sequence
	 [[{{node IteratorGetNext}}]]
2022-04-13 11:22:41.410833: W tensorflow/core/common_runtime/base_collective_executor.cc:217] BaseCollectiveExecutor::StartAbort Out of range: End of sequence
	 [[{{node IteratorGetNext}}]]
2022-04-13 11:22:54.739872: W tensorflow/core/common_runtime/base_collective_executor.cc:217] BaseCollectiveExecutor::StartAbort Out of range: End of sequence
	 [[{{node IteratorGetNext}}]]
2022-04-13 11:23:08.014982: W tensorflow/core/common_runtime/base_collective_executor.cc:217] BaseCollectiveExecutor::StartAbort Out of range: End of sequence
	 [[{{node IteratorGetNext}}]]
2022-04-13 11:23:21.372422: W tensorflow/core/common_runtime/base_collective_executor.cc:217] BaseCollectiveExecutor::StartAbort Out of range: End of sequence
	 [[{{node IteratorGetNext}}]]
2022-04-13 11:23:34.498246: W tensorflow/core/common_runtime/base_collective_executor.cc:217] BaseCollectiveExecutor::StartAbort Out of range: End of sequence
	 [[{{node IteratorGetNext}}]]
2022-04-13 11:23:47.893103: W tensorflow/core/common_runtime/base_collective_executor.cc:217] BaseCollectiveExecutor::StartAbort Out of range: End of sequence
	 [[{{node IteratorGetNext}}]]
2022-04-13 11:24:01.225037: W tensorflow/core/common_runtime/base_collective_executor.cc:217] BaseCollectiveExecutor::StartAbort Out of range: End of sequence
	 [[{{node IteratorGetNext}}]]
2022-04-13 11:24:14.595487: W tensorflow/core/common_runtime/base_collective_executor.cc:217] BaseCollectiveExecutor::StartAbort Out of range: End of sequence
	 [[{{node IteratorGetNext}}]]
2022-04-13 11:24:27.854673: W tensorflow/core/common_runtime/base_collective_executor.cc:217] BaseCollectiveExecutor::StartAbort Out of range: End of sequence
	 [[{{node IteratorGetNext}}]]
2022-04-13 11:24:41.209961: W tensorflow/core/common_runtime/base_collective_executor.cc:217] BaseCollectiveExecutor::StartAbort Out of range: End of sequence
	 [[{{node IteratorGetNext}}]]
2022-04-13 11:24:54.713323: W tensorflow/core/common_runtime/base_collective_executor.cc:217] BaseCollectiveExecutor::StartAbort Out of range: End of sequence
	 [[{{node IteratorGetNext}}]]
2022-04-13 11:25:07.989761: W tensorflow/core/common_runtime/base_collective_executor.cc:217] BaseCollectiveExecutor::StartAbort Out of range: End of sequence
	 [[{{node IteratorGetNext}}]]
2022-04-13 11:25:21.290854: W tensorflow/core/common_runtime/base_collective_executor.cc:217] BaseCollectiveExecutor::StartAbort Out of range: End of sequence
	 [[{{node IteratorGetNext}}]]
2022-04-13 11:25:34.579112: W tensorflow/core/common_runtime/base_collective_executor.cc:217] BaseCollectiveExecutor::StartAbort Out of range: End of sequence
	 [[{{node IteratorGetNext}}]]
2022-04-13 11:25:47.803610: W tensorflow/core/common_runtime/base_collective_executor.cc:217] BaseCollectiveExecutor::StartAbort Out of range: End of sequence
	 [[{{node IteratorGetNext}}]]
2022-04-13 11:26:01.281342: W tensorflow/core/common_runtime/base_collective_executor.cc:217] BaseCollectiveExecutor::StartAbort Out of range: End of sequence
	 [[{{node IteratorGetNext}}]]
2022-04-13 11:26:14.806039: W tensorflow/core/common_runtime/base_collective_executor.cc:217] BaseCollectiveExecutor::StartAbort Out of range: End of sequence
	 [[{{node IteratorGetNext}}]]
2022-04-13 11:26:28.133298: W tensorflow/core/common_runtime/base_collective_executor.cc:217] BaseCollectiveExecutor::StartAbort Out of range: End of sequence
	 [[{{node IteratorGetNext}}]]
2022-04-13 11:26:41.333285: W tensorflow/core/common_runtime/base_collective_executor.cc:217] BaseCollectiveExecutor::StartAbort Out of range: End of sequence
	 [[{{node IteratorGetNext}}]]
2022-04-13 11:26:54.452619: W tensorflow/core/common_runtime/base_collective_executor.cc:217] BaseCollectiveExecutor::StartAbort Out of range: End of sequence
	 [[{{node IteratorGetNext}}]]
2022-04-13 11:27:07.795679: W tensorflow/core/common_runtime/base_collective_executor.cc:217] BaseCollectiveExecutor::StartAbort Out of range: End of sequence
	 [[{{node IteratorGetNext}}]]
2022-04-13 11:27:20.943081: W tensorflow/core/common_runtime/base_collective_executor.cc:217] BaseCollectiveExecutor::StartAbort Out of range: End of sequence
	 [[{{node IteratorGetNext}}]]
2022-04-13 11:27:34.087961: W tensorflow/core/common_runtime/base_collective_executor.cc:217] BaseCollectiveExecutor::StartAbort Out of range: End of sequence
	 [[{{node IteratorGetNext}}]]
2022-04-13 11:27:47.201730: W tensorflow/core/common_runtime/base_collective_executor.cc:217] BaseCollectiveExecutor::StartAbort Out of range: End of sequence
	 [[{{node IteratorGetNext}}]]
2022-04-13 11:28:00.545103: W tensorflow/core/common_runtime/base_collective_executor.cc:217] BaseCollectiveExecutor::StartAbort Out of range: End of sequence
	 [[{{node IteratorGetNext}}]]
2022-04-13 11:28:13.801747: W tensorflow/core/common_runtime/base_collective_executor.cc:217] BaseCollectiveExecutor::StartAbort Out of range: End of sequence
	 [[{{node IteratorGetNext}}]]
2022-04-13 11:28:27.082830: W tensorflow/core/common_runtime/base_collective_executor.cc:217] BaseCollectiveExecutor::StartAbort Out of range: End of sequence
	 [[{{node IteratorGetNext}}]]
2022-04-13 11:28:40.421064: W tensorflow/core/common_runtime/base_collective_executor.cc:217] BaseCollectiveExecutor::StartAbort Out of range: End of sequence
	 [[{{node IteratorGetNext}}]]
2022-04-13 11:28:53.855916: W tensorflow/core/common_runtime/base_collective_executor.cc:217] BaseCollectiveExecutor::StartAbort Out of range: End of sequence
	 [[{{node IteratorGetNext}}]]
2022-04-13 11:29:07.255505: W tensorflow/core/common_runtime/base_collective_executor.cc:217] BaseCollectiveExecutor::StartAbort Out of range: End of sequence
	 [[{{node IteratorGetNext}}]]
2022-04-13 11:29:20.599108: W tensorflow/core/common_runtime/base_collective_executor.cc:217] BaseCollectiveExecutor::StartAbort Out of range: End of sequence
	 [[{{node IteratorGetNext}}]]
2022-04-13 11:29:33.851960: W tensorflow/core/common_runtime/base_collective_executor.cc:217] BaseCollectiveExecutor::StartAbort Out of range: End of sequence
	 [[{{node IteratorGetNext}}]]
2022-04-13 11:29:47.417376: W tensorflow/core/common_runtime/base_collective_executor.cc:217] BaseCollectiveExecutor::StartAbort Out of range: End of sequence
	 [[{{node IteratorGetNext}}]]
2022-04-13 11:30:00.764393: W tensorflow/core/common_runtime/base_collective_executor.cc:217] BaseCollectiveExecutor::StartAbort Out of range: End of sequence
	 [[{{node IteratorGetNext}}]]
2022-04-13 11:30:14.136136: W tensorflow/core/common_runtime/base_collective_executor.cc:217] BaseCollectiveExecutor::StartAbort Out of range: End of sequence
	 [[{{node IteratorGetNext}}]]
2022-04-13 11:30:27.277927: W tensorflow/core/common_runtime/base_collective_executor.cc:217] BaseCollectiveExecutor::StartAbort Out of range: End of sequence
	 [[{{node IteratorGetNext}}]]
2022-04-13 11:30:40.618054: W tensorflow/core/common_runtime/base_collective_executor.cc:217] BaseCollectiveExecutor::StartAbort Out of range: End of sequence
	 [[{{node IteratorGetNext}}]]
2022-04-13 11:30:53.955352: W tensorflow/core/common_runtime/base_collective_executor.cc:217] BaseCollectiveExecutor::StartAbort Out of range: End of sequence
	 [[{{node IteratorGetNext}}]]
2022-04-13 11:31:07.308566: W tensorflow/core/common_runtime/base_collective_executor.cc:217] BaseCollectiveExecutor::StartAbort Out of range: End of sequence
	 [[{{node IteratorGetNext}}]]
2022-04-13 11:31:20.609032: W tensorflow/core/common_runtime/base_collective_executor.cc:217] BaseCollectiveExecutor::StartAbort Out of range: End of sequence
	 [[{{node IteratorGetNext}}]]
2022-04-13 11:31:33.995083: W tensorflow/core/common_runtime/base_collective_executor.cc:217] BaseCollectiveExecutor::StartAbort Out of range: End of sequence
	 [[{{node IteratorGetNext}}]]
2022-04-13 11:31:47.439364: W tensorflow/core/common_runtime/base_collective_executor.cc:217] BaseCollectiveExecutor::StartAbort Out of range: End of sequence
	 [[{{node IteratorGetNext}}]]
2022-04-13 11:32:00.854680: W tensorflow/core/common_runtime/base_collective_executor.cc:217] BaseCollectiveExecutor::StartAbort Out of range: End of sequence
	 [[{{node IteratorGetNext}}]]
2022-04-13 11:32:14.155532: W tensorflow/core/common_runtime/base_collective_executor.cc:217] BaseCollectiveExecutor::StartAbort Out of range: End of sequence
	 [[{{node IteratorGetNext}}]]
2022-04-13 11:32:27.572002: W tensorflow/core/common_runtime/base_collective_executor.cc:217] BaseCollectiveExecutor::StartAbort Out of range: End of sequence
	 [[{{node IteratorGetNext}}]]
2022-04-13 11:32:40.724506: W tensorflow/core/common_runtime/base_collective_executor.cc:217] BaseCollectiveExecutor::StartAbort Out of range: End of sequence
	 [[{{node IteratorGetNext}}]]
2022-04-13 11:32:54.055406: W tensorflow/core/common_runtime/base_collective_executor.cc:217] BaseCollectiveExecutor::StartAbort Out of range: End of sequence
	 [[{{node IteratorGetNext}}]]
2022-04-13 11:33:07.513348: W tensorflow/core/common_runtime/base_collective_executor.cc:217] BaseCollectiveExecutor::StartAbort Out of range: End of sequence
	 [[{{node IteratorGetNext}}]]
2022-04-13 11:33:20.820875: W tensorflow/core/common_runtime/base_collective_executor.cc:217] BaseCollectiveExecutor::StartAbort Out of range: End of sequence
	 [[{{node IteratorGetNext}}]]
2022-04-13 11:33:34.097017: W tensorflow/core/common_runtime/base_collective_executor.cc:217] BaseCollectiveExecutor::StartAbort Out of range: End of sequence
	 [[{{node IteratorGetNext}}]]
2022-04-13 11:33:47.459880: W tensorflow/core/common_runtime/base_collective_executor.cc:217] BaseCollectiveExecutor::StartAbort Out of range: End of sequence
	 [[{{node IteratorGetNext}}]]
2022-04-13 11:34:00.685099: W tensorflow/core/common_runtime/base_collective_executor.cc:217] BaseCollectiveExecutor::StartAbort Out of range: End of sequence
	 [[{{node IteratorGetNext}}]]
2022-04-13 11:34:13.807319: W tensorflow/core/common_runtime/base_collective_executor.cc:217] BaseCollectiveExecutor::StartAbort Out of range: End of sequence
	 [[{{node IteratorGetNext}}]]
2022-04-13 11:34:26.922108: W tensorflow/core/common_runtime/base_collective_executor.cc:217] BaseCollectiveExecutor::StartAbort Out of range: End of sequence
	 [[{{node IteratorGetNext}}]]
2022-04-13 11:34:40.218544: W tensorflow/core/common_runtime/base_collective_executor.cc:217] BaseCollectiveExecutor::StartAbort Out of range: End of sequence
	 [[{{node IteratorGetNext}}]]
2022-04-13 11:34:53.579146: W tensorflow/core/common_runtime/base_collective_executor.cc:217] BaseCollectiveExecutor::StartAbort Out of range: End of sequence
	 [[{{node IteratorGetNext}}]]
/anaconda/envs/RL-GraphINVENT-env/lib/python3.6/site-packages/tensorflow_core/python/framework/indexed_slices.py:433: UserWarning: Converting sparse IndexedSlices to a dense Tensor of unknown shape. This may consume a large amount of memory.
  "Converting sparse IndexedSlices to a dense Tensor of unknown shape. "
/anaconda/envs/RL-GraphINVENT-env/lib/python3.6/site-packages/tensorflow_core/python/framework/indexed_slices.py:433: UserWarning: Converting sparse IndexedSlices to a dense Tensor of unknown shape. This may consume a large amount of memory.
  "Converting sparse IndexedSlices to a dense Tensor of unknown shape. "
/anaconda/envs/RL-GraphINVENT-env/lib/python3.6/site-packages/tensorflow_core/python/framework/indexed_slices.py:433: UserWarning: Converting sparse IndexedSlices to a dense Tensor of unknown shape. This may consume a large amount of memory.
  "Converting sparse IndexedSlices to a dense Tensor of unknown shape. "
/anaconda/envs/RL-GraphINVENT-env/lib/python3.6/site-packages/tensorflow_core/python/framework/indexed_slices.py:433: UserWarning: Converting sparse IndexedSlices to a dense Tensor of unknown shape. This may consume a large amount of memory.
  "Converting sparse IndexedSlices to a dense Tensor of unknown shape. "
/anaconda/envs/RL-GraphINVENT-env/lib/python3.6/site-packages/tensorflow_core/python/framework/indexed_slices.py:433: UserWarning: Converting sparse IndexedSlices to a dense Tensor of unknown shape. This may consume a large amount of memory.
  "Converting sparse IndexedSlices to a dense Tensor of unknown shape. "
/anaconda/envs/RL-GraphINVENT-env/lib/python3.6/site-packages/tensorflow_core/python/framework/indexed_slices.py:433: UserWarning: Converting sparse IndexedSlices to a dense Tensor of unknown shape. This may consume a large amount of memory.
  "Converting sparse IndexedSlices to a dense Tensor of unknown shape. "
/anaconda/envs/RL-GraphINVENT-env/lib/python3.6/site-packages/tensorflow_core/python/framework/indexed_slices.py:433: UserWarning: Converting sparse IndexedSlices to a dense Tensor of unknown shape. This may consume a large amount of memory.
  "Converting sparse IndexedSlices to a dense Tensor of unknown shape. "
/anaconda/envs/RL-GraphINVENT-env/lib/python3.6/site-packages/tensorflow_core/python/framework/indexed_slices.py:433: UserWarning: Converting sparse IndexedSlices to a dense Tensor of unknown shape. This may consume a large amount of memory.
  "Converting sparse IndexedSlices to a dense Tensor of unknown shape. "
/anaconda/envs/RL-GraphINVENT-env/lib/python3.6/site-packages/tensorflow_core/python/framework/indexed_slices.py:433: UserWarning: Converting sparse IndexedSlices to a dense Tensor of unknown shape. This may consume a large amount of memory.
  "Converting sparse IndexedSlices to a dense Tensor of unknown shape. "
/anaconda/envs/RL-GraphINVENT-env/lib/python3.6/site-packages/tensorflow_core/python/framework/indexed_slices.py:433: UserWarning: Converting sparse IndexedSlices to a dense Tensor of unknown shape. This may consume a large amount of memory.
  "Converting sparse IndexedSlices to a dense Tensor of unknown shape. "
/anaconda/envs/RL-GraphINVENT-env/lib/python3.6/site-packages/tensorflow_core/python/framework/indexed_slices.py:433: UserWarning: Converting sparse IndexedSlices to a dense Tensor of unknown shape. This may consume a large amount of memory.
  "Converting sparse IndexedSlices to a dense Tensor of unknown shape. "
/anaconda/envs/RL-GraphINVENT-env/lib/python3.6/site-packages/tensorflow_core/python/framework/indexed_slices.py:433: UserWarning: Converting sparse IndexedSlices to a dense Tensor of unknown shape. This may consume a large amount of memory.
  "Converting sparse IndexedSlices to a dense Tensor of unknown shape. "
/anaconda/envs/RL-GraphINVENT-env/lib/python3.6/site-packages/tensorflow_core/python/framework/indexed_slices.py:433: UserWarning: Converting sparse IndexedSlices to a dense Tensor of unknown shape. This may consume a large amount of memory.
  "Converting sparse IndexedSlices to a dense Tensor of unknown shape. "
/anaconda/envs/RL-GraphINVENT-env/lib/python3.6/site-packages/tensorflow_core/python/framework/indexed_slices.py:433: UserWarning: Converting sparse IndexedSlices to a dense Tensor of unknown shape. This may consume a large amount of memory.
  "Converting sparse IndexedSlices to a dense Tensor of unknown shape. "
/anaconda/envs/RL-GraphINVENT-env/lib/python3.6/site-packages/tensorflow_core/python/framework/indexed_slices.py:433: UserWarning: Converting sparse IndexedSlices to a dense Tensor of unknown shape. This may consume a large amount of memory.
  "Converting sparse IndexedSlices to a dense Tensor of unknown shape. "
/anaconda/envs/RL-GraphINVENT-env/lib/python3.6/site-packages/tensorflow_core/python/framework/indexed_slices.py:433: UserWarning: Converting sparse IndexedSlices to a dense Tensor of unknown shape. This may consume a large amount of memory.
  "Converting sparse IndexedSlices to a dense Tensor of unknown shape. "
WARNING:tensorflow:Skipping full serialization of Keras layer <tensorflow.python.keras.layers.core.Dense object at 0x7f8e8c22c0f0>, because it is not built.
2022-04-13 11:34:56.108254: W tensorflow/python/util/util.cc:319] Sets are not currently considered sequences, but this may change in the future, so consider avoiding using them.
WARNING:tensorflow:From /anaconda/envs/RL-GraphINVENT-env/lib/python3.6/site-packages/tensorflow_core/python/ops/resource_variable_ops.py:1786: calling BaseResourceVariable.__init__ (from tensorflow.python.ops.resource_variable_ops) with constraint is deprecated and will be removed in a future version.
Instructions for updating:
If using Keras pass *_constraint arguments to layers.
2022-04-17 10:37:13.736569: W tensorflow/stream_executor/platform/default/dso_loader.cc:55] Could not load dynamic library 'libnvinfer.so.6'; dlerror: libnvinfer.so.6: cannot open shared object file: No such file or directory; LD_LIBRARY_PATH: /opt/intel/compilers_and_libraries_2018.1.163/linux/tbb/lib/intel64_lin/gcc4.7:/opt/intel/compilers_and_libraries_2018.1.163/linux/compiler/lib/intel64_lin:/opt/intel/compilers_and_libraries_2018.1.163/linux/mkl/lib/intel64_lin::/usr/local/cuda/lib64:/usr/local/cuda/extras/CUPTI/lib64/
2022-04-17 10:37:13.736691: W tensorflow/stream_executor/platform/default/dso_loader.cc:55] Could not load dynamic library 'libnvinfer_plugin.so.6'; dlerror: libnvinfer_plugin.so.6: cannot open shared object file: No such file or directory; LD_LIBRARY_PATH: /opt/intel/compilers_and_libraries_2018.1.163/linux/tbb/lib/intel64_lin/gcc4.7:/opt/intel/compilers_and_libraries_2018.1.163/linux/compiler/lib/intel64_lin:/opt/intel/compilers_and_libraries_2018.1.163/linux/mkl/lib/intel64_lin::/usr/local/cuda/lib64:/usr/local/cuda/extras/CUPTI/lib64/
2022-04-17 10:37:13.736700: W tensorflow/compiler/tf2tensorrt/utils/py_utils.cc:30] Cannot dlopen some TensorRT libraries. If you would like to use Nvidia GPU with TensorRT, please make sure the missing libraries mentioned above are installed properly.
2022-04-17 10:37:14.554123: I tensorflow/stream_executor/platform/default/dso_loader.cc:44] Successfully opened dynamic library libcuda.so.1
2022-04-17 10:37:14.653199: E tensorflow/stream_executor/cuda/cuda_driver.cc:351] failed call to cuInit: CUDA_ERROR_NO_DEVICE: no CUDA-capable device is detected
2022-04-17 10:37:14.653261: I tensorflow/stream_executor/cuda/cuda_diagnostics.cc:156] kernel driver does not appear to be running on this host (btp-sem-8): /proc/driver/nvidia/version does not exist
2022-04-17 10:37:14.653810: I tensorflow/core/platform/cpu_feature_guard.cc:142] Your CPU supports instructions that this TensorFlow binary was not compiled to use: AVX2 AVX512F FMA
2022-04-17 10:37:14.665953: I tensorflow/core/platform/profile_utils/cpu_utils.cc:94] CPU Frequency: 2793435000 Hz
2022-04-17 10:37:14.671367: I tensorflow/compiler/xla/service/service.cc:168] XLA service 0x561a465e8f80 initialized for platform Host (this does not guarantee that XLA will be used). Devices:
2022-04-17 10:37:14.671415: I tensorflow/compiler/xla/service/service.cc:176]   StreamExecutor device (0): Host, Default Version
2022-04-17 10:37:34.352385: W tensorflow/core/common_runtime/base_collective_executor.cc:217] BaseCollectiveExecutor::StartAbort Out of range: End of sequence
	 [[{{node IteratorGetNext}}]]
2022-04-17 10:37:35.388326: W tensorflow/core/common_runtime/base_collective_executor.cc:217] BaseCollectiveExecutor::StartAbort Out of range: End of sequence
	 [[{{node IteratorGetNext}}]]
2022-04-17 10:37:51.214922: W tensorflow/core/common_runtime/base_collective_executor.cc:217] BaseCollectiveExecutor::StartAbort Out of range: End of sequence
	 [[{{node IteratorGetNext}}]]
2022-04-17 10:38:05.937902: W tensorflow/core/common_runtime/base_collective_executor.cc:217] BaseCollectiveExecutor::StartAbort Out of range: End of sequence
	 [[{{node IteratorGetNext}}]]
2022-04-17 10:38:20.362457: W tensorflow/core/common_runtime/base_collective_executor.cc:217] BaseCollectiveExecutor::StartAbort Out of range: End of sequence
	 [[{{node IteratorGetNext}}]]
2022-04-17 10:38:34.680349: W tensorflow/core/common_runtime/base_collective_executor.cc:217] BaseCollectiveExecutor::StartAbort Out of range: End of sequence
	 [[{{node IteratorGetNext}}]]
2022-04-17 10:38:48.588995: W tensorflow/core/common_runtime/base_collective_executor.cc:217] BaseCollectiveExecutor::StartAbort Out of range: End of sequence
	 [[{{node IteratorGetNext}}]]
2022-04-17 10:39:02.787140: W tensorflow/core/common_runtime/base_collective_executor.cc:217] BaseCollectiveExecutor::StartAbort Out of range: End of sequence
	 [[{{node IteratorGetNext}}]]
2022-04-17 10:39:17.085326: W tensorflow/core/common_runtime/base_collective_executor.cc:217] BaseCollectiveExecutor::StartAbort Out of range: End of sequence
	 [[{{node IteratorGetNext}}]]
2022-04-17 10:39:30.837347: W tensorflow/core/common_runtime/base_collective_executor.cc:217] BaseCollectiveExecutor::StartAbort Out of range: End of sequence
	 [[{{node IteratorGetNext}}]]
2022-04-17 10:39:44.885284: W tensorflow/core/common_runtime/base_collective_executor.cc:217] BaseCollectiveExecutor::StartAbort Out of range: End of sequence
	 [[{{node IteratorGetNext}}]]
2022-04-17 10:39:58.865450: W tensorflow/core/common_runtime/base_collective_executor.cc:217] BaseCollectiveExecutor::StartAbort Out of range: End of sequence
	 [[{{node IteratorGetNext}}]]
2022-04-17 10:40:12.524185: W tensorflow/core/common_runtime/base_collective_executor.cc:217] BaseCollectiveExecutor::StartAbort Out of range: End of sequence
	 [[{{node IteratorGetNext}}]]
2022-04-17 10:40:26.361250: W tensorflow/core/common_runtime/base_collective_executor.cc:217] BaseCollectiveExecutor::StartAbort Out of range: End of sequence
	 [[{{node IteratorGetNext}}]]
2022-04-17 10:40:39.813529: W tensorflow/core/common_runtime/base_collective_executor.cc:217] BaseCollectiveExecutor::StartAbort Out of range: End of sequence
	 [[{{node IteratorGetNext}}]]
2022-04-17 10:40:53.840389: W tensorflow/core/common_runtime/base_collective_executor.cc:217] BaseCollectiveExecutor::StartAbort Out of range: End of sequence
	 [[{{node IteratorGetNext}}]]
2022-04-17 10:41:07.530617: W tensorflow/core/common_runtime/base_collective_executor.cc:217] BaseCollectiveExecutor::StartAbort Out of range: End of sequence
	 [[{{node IteratorGetNext}}]]
2022-04-17 10:41:21.137952: W tensorflow/core/common_runtime/base_collective_executor.cc:217] BaseCollectiveExecutor::StartAbort Out of range: End of sequence
	 [[{{node IteratorGetNext}}]]
2022-04-17 10:41:35.100922: W tensorflow/core/common_runtime/base_collective_executor.cc:217] BaseCollectiveExecutor::StartAbort Out of range: End of sequence
	 [[{{node IteratorGetNext}}]]
2022-04-17 10:41:48.571216: W tensorflow/core/common_runtime/base_collective_executor.cc:217] BaseCollectiveExecutor::StartAbort Out of range: End of sequence
	 [[{{node IteratorGetNext}}]]
2022-04-17 10:42:02.369463: W tensorflow/core/common_runtime/base_collective_executor.cc:217] BaseCollectiveExecutor::StartAbort Out of range: End of sequence
	 [[{{node IteratorGetNext}}]]
2022-04-17 10:42:15.899117: W tensorflow/core/common_runtime/base_collective_executor.cc:217] BaseCollectiveExecutor::StartAbort Out of range: End of sequence
	 [[{{node IteratorGetNext}}]]
2022-04-17 10:42:29.200328: W tensorflow/core/common_runtime/base_collective_executor.cc:217] BaseCollectiveExecutor::StartAbort Out of range: End of sequence
	 [[{{node IteratorGetNext}}]]
2022-04-17 10:42:42.440683: W tensorflow/core/common_runtime/base_collective_executor.cc:217] BaseCollectiveExecutor::StartAbort Out of range: End of sequence
	 [[{{node IteratorGetNext}}]]
2022-04-17 10:42:55.868544: W tensorflow/core/common_runtime/base_collective_executor.cc:217] BaseCollectiveExecutor::StartAbort Out of range: End of sequence
	 [[{{node IteratorGetNext}}]]
2022-04-17 10:43:09.477996: W tensorflow/core/common_runtime/base_collective_executor.cc:217] BaseCollectiveExecutor::StartAbort Out of range: End of sequence
	 [[{{node IteratorGetNext}}]]
2022-04-17 10:43:23.046528: W tensorflow/core/common_runtime/base_collective_executor.cc:217] BaseCollectiveExecutor::StartAbort Out of range: End of sequence
	 [[{{node IteratorGetNext}}]]
2022-04-17 10:43:36.845684: W tensorflow/core/common_runtime/base_collective_executor.cc:217] BaseCollectiveExecutor::StartAbort Out of range: End of sequence
	 [[{{node IteratorGetNext}}]]
2022-04-17 10:43:50.388300: W tensorflow/core/common_runtime/base_collective_executor.cc:217] BaseCollectiveExecutor::StartAbort Out of range: End of sequence
	 [[{{node IteratorGetNext}}]]
2022-04-17 10:44:04.186179: W tensorflow/core/common_runtime/base_collective_executor.cc:217] BaseCollectiveExecutor::StartAbort Out of range: End of sequence
	 [[{{node IteratorGetNext}}]]
2022-04-17 10:44:17.491224: W tensorflow/core/common_runtime/base_collective_executor.cc:217] BaseCollectiveExecutor::StartAbort Out of range: End of sequence
	 [[{{node IteratorGetNext}}]]
2022-04-17 10:44:30.672754: W tensorflow/core/common_runtime/base_collective_executor.cc:217] BaseCollectiveExecutor::StartAbort Out of range: End of sequence
	 [[{{node IteratorGetNext}}]]
2022-04-17 10:44:44.423412: W tensorflow/core/common_runtime/base_collective_executor.cc:217] BaseCollectiveExecutor::StartAbort Out of range: End of sequence
	 [[{{node IteratorGetNext}}]]
2022-04-17 10:44:57.909375: W tensorflow/core/common_runtime/base_collective_executor.cc:217] BaseCollectiveExecutor::StartAbort Out of range: End of sequence
	 [[{{node IteratorGetNext}}]]
2022-04-17 10:45:11.158267: W tensorflow/core/common_runtime/base_collective_executor.cc:217] BaseCollectiveExecutor::StartAbort Out of range: End of sequence
	 [[{{node IteratorGetNext}}]]
2022-04-17 10:45:24.487422: W tensorflow/core/common_runtime/base_collective_executor.cc:217] BaseCollectiveExecutor::StartAbort Out of range: End of sequence
	 [[{{node IteratorGetNext}}]]
2022-04-17 10:45:37.826171: W tensorflow/core/common_runtime/base_collective_executor.cc:217] BaseCollectiveExecutor::StartAbort Out of range: End of sequence
	 [[{{node IteratorGetNext}}]]
2022-04-17 10:45:51.230716: W tensorflow/core/common_runtime/base_collective_executor.cc:217] BaseCollectiveExecutor::StartAbort Out of range: End of sequence
	 [[{{node IteratorGetNext}}]]
2022-04-17 10:46:04.754568: W tensorflow/core/common_runtime/base_collective_executor.cc:217] BaseCollectiveExecutor::StartAbort Out of range: End of sequence
	 [[{{node IteratorGetNext}}]]
2022-04-17 10:46:18.015469: W tensorflow/core/common_runtime/base_collective_executor.cc:217] BaseCollectiveExecutor::StartAbort Out of range: End of sequence
	 [[{{node IteratorGetNext}}]]
2022-04-17 10:46:31.184333: W tensorflow/core/common_runtime/base_collective_executor.cc:217] BaseCollectiveExecutor::StartAbort Out of range: End of sequence
	 [[{{node IteratorGetNext}}]]
2022-04-17 10:46:44.493078: W tensorflow/core/common_runtime/base_collective_executor.cc:217] BaseCollectiveExecutor::StartAbort Out of range: End of sequence
	 [[{{node IteratorGetNext}}]]
2022-04-17 10:46:57.796065: W tensorflow/core/common_runtime/base_collective_executor.cc:217] BaseCollectiveExecutor::StartAbort Out of range: End of sequence
	 [[{{node IteratorGetNext}}]]
2022-04-17 10:47:11.585944: W tensorflow/core/common_runtime/base_collective_executor.cc:217] BaseCollectiveExecutor::StartAbort Out of range: End of sequence
	 [[{{node IteratorGetNext}}]]
2022-04-17 10:47:24.944135: W tensorflow/core/common_runtime/base_collective_executor.cc:217] BaseCollectiveExecutor::StartAbort Out of range: End of sequence
	 [[{{node IteratorGetNext}}]]
2022-04-17 10:47:38.216860: W tensorflow/core/common_runtime/base_collective_executor.cc:217] BaseCollectiveExecutor::StartAbort Out of range: End of sequence
	 [[{{node IteratorGetNext}}]]
2022-04-17 10:47:51.474628: W tensorflow/core/common_runtime/base_collective_executor.cc:217] BaseCollectiveExecutor::StartAbort Out of range: End of sequence
	 [[{{node IteratorGetNext}}]]
2022-04-17 10:48:04.738315: W tensorflow/core/common_runtime/base_collective_executor.cc:217] BaseCollectiveExecutor::StartAbort Out of range: End of sequence
	 [[{{node IteratorGetNext}}]]
2022-04-17 10:48:18.195305: W tensorflow/core/common_runtime/base_collective_executor.cc:217] BaseCollectiveExecutor::StartAbort Out of range: End of sequence
	 [[{{node IteratorGetNext}}]]
2022-04-17 10:48:31.636602: W tensorflow/core/common_runtime/base_collective_executor.cc:217] BaseCollectiveExecutor::StartAbort Out of range: End of sequence
	 [[{{node IteratorGetNext}}]]
2022-04-17 10:48:44.989124: W tensorflow/core/common_runtime/base_collective_executor.cc:217] BaseCollectiveExecutor::StartAbort Out of range: End of sequence
	 [[{{node IteratorGetNext}}]]
2022-04-17 10:48:58.459354: W tensorflow/core/common_runtime/base_collective_executor.cc:217] BaseCollectiveExecutor::StartAbort Out of range: End of sequence
	 [[{{node IteratorGetNext}}]]
2022-04-17 10:49:11.954030: W tensorflow/core/common_runtime/base_collective_executor.cc:217] BaseCollectiveExecutor::StartAbort Out of range: End of sequence
	 [[{{node IteratorGetNext}}]]
2022-04-17 10:49:25.694869: W tensorflow/core/common_runtime/base_collective_executor.cc:217] BaseCollectiveExecutor::StartAbort Out of range: End of sequence
	 [[{{node IteratorGetNext}}]]
2022-04-17 10:49:39.058356: W tensorflow/core/common_runtime/base_collective_executor.cc:217] BaseCollectiveExecutor::StartAbort Out of range: End of sequence
	 [[{{node IteratorGetNext}}]]
2022-04-17 10:49:52.613166: W tensorflow/core/common_runtime/base_collective_executor.cc:217] BaseCollectiveExecutor::StartAbort Out of range: End of sequence
	 [[{{node IteratorGetNext}}]]
2022-04-17 10:50:05.760987: W tensorflow/core/common_runtime/base_collective_executor.cc:217] BaseCollectiveExecutor::StartAbort Out of range: End of sequence
	 [[{{node IteratorGetNext}}]]
2022-04-17 10:50:19.215244: W tensorflow/core/common_runtime/base_collective_executor.cc:217] BaseCollectiveExecutor::StartAbort Out of range: End of sequence
	 [[{{node IteratorGetNext}}]]
2022-04-17 10:50:32.678453: W tensorflow/core/common_runtime/base_collective_executor.cc:217] BaseCollectiveExecutor::StartAbort Out of range: End of sequence
	 [[{{node IteratorGetNext}}]]
2022-04-17 10:50:45.965425: W tensorflow/core/common_runtime/base_collective_executor.cc:217] BaseCollectiveExecutor::StartAbort Out of range: End of sequence
	 [[{{node IteratorGetNext}}]]
2022-04-17 10:50:59.302237: W tensorflow/core/common_runtime/base_collective_executor.cc:217] BaseCollectiveExecutor::StartAbort Out of range: End of sequence
	 [[{{node IteratorGetNext}}]]
2022-04-17 10:51:12.461804: W tensorflow/core/common_runtime/base_collective_executor.cc:217] BaseCollectiveExecutor::StartAbort Out of range: End of sequence
	 [[{{node IteratorGetNext}}]]
2022-04-17 10:51:26.210885: W tensorflow/core/common_runtime/base_collective_executor.cc:217] BaseCollectiveExecutor::StartAbort Out of range: End of sequence
	 [[{{node IteratorGetNext}}]]
2022-04-17 10:51:39.589252: W tensorflow/core/common_runtime/base_collective_executor.cc:217] BaseCollectiveExecutor::StartAbort Out of range: End of sequence
	 [[{{node IteratorGetNext}}]]
2022-04-17 10:51:52.807906: W tensorflow/core/common_runtime/base_collective_executor.cc:217] BaseCollectiveExecutor::StartAbort Out of range: End of sequence
	 [[{{node IteratorGetNext}}]]
2022-04-17 10:52:06.304594: W tensorflow/core/common_runtime/base_collective_executor.cc:217] BaseCollectiveExecutor::StartAbort Out of range: End of sequence
	 [[{{node IteratorGetNext}}]]
2022-04-17 10:52:19.545783: W tensorflow/core/common_runtime/base_collective_executor.cc:217] BaseCollectiveExecutor::StartAbort Out of range: End of sequence
	 [[{{node IteratorGetNext}}]]
2022-04-17 10:52:33.008527: W tensorflow/core/common_runtime/base_collective_executor.cc:217] BaseCollectiveExecutor::StartAbort Out of range: End of sequence
	 [[{{node IteratorGetNext}}]]
2022-04-17 10:52:46.630046: W tensorflow/core/common_runtime/base_collective_executor.cc:217] BaseCollectiveExecutor::StartAbort Out of range: End of sequence
	 [[{{node IteratorGetNext}}]]
2022-04-17 10:53:00.304068: W tensorflow/core/common_runtime/base_collective_executor.cc:217] BaseCollectiveExecutor::StartAbort Out of range: End of sequence
	 [[{{node IteratorGetNext}}]]
2022-04-17 10:53:13.752906: W tensorflow/core/common_runtime/base_collective_executor.cc:217] BaseCollectiveExecutor::StartAbort Out of range: End of sequence
	 [[{{node IteratorGetNext}}]]
2022-04-17 10:53:27.235071: W tensorflow/core/common_runtime/base_collective_executor.cc:217] BaseCollectiveExecutor::StartAbort Out of range: End of sequence
	 [[{{node IteratorGetNext}}]]
2022-04-17 10:53:40.852536: W tensorflow/core/common_runtime/base_collective_executor.cc:217] BaseCollectiveExecutor::StartAbort Out of range: End of sequence
	 [[{{node IteratorGetNext}}]]
2022-04-17 10:53:54.490345: W tensorflow/core/common_runtime/base_collective_executor.cc:217] BaseCollectiveExecutor::StartAbort Out of range: End of sequence
	 [[{{node IteratorGetNext}}]]
2022-04-17 10:54:08.157372: W tensorflow/core/common_runtime/base_collective_executor.cc:217] BaseCollectiveExecutor::StartAbort Out of range: End of sequence
	 [[{{node IteratorGetNext}}]]
2022-04-17 10:54:21.625431: W tensorflow/core/common_runtime/base_collective_executor.cc:217] BaseCollectiveExecutor::StartAbort Out of range: End of sequence
	 [[{{node IteratorGetNext}}]]
2022-04-17 10:54:34.942690: W tensorflow/core/common_runtime/base_collective_executor.cc:217] BaseCollectiveExecutor::StartAbort Out of range: End of sequence
	 [[{{node IteratorGetNext}}]]
2022-04-17 10:54:48.556978: W tensorflow/core/common_runtime/base_collective_executor.cc:217] BaseCollectiveExecutor::StartAbort Out of range: End of sequence
	 [[{{node IteratorGetNext}}]]
2022-04-17 10:55:02.234178: W tensorflow/core/common_runtime/base_collective_executor.cc:217] BaseCollectiveExecutor::StartAbort Out of range: End of sequence
	 [[{{node IteratorGetNext}}]]
2022-04-17 10:55:15.781795: W tensorflow/core/common_runtime/base_collective_executor.cc:217] BaseCollectiveExecutor::StartAbort Out of range: End of sequence
	 [[{{node IteratorGetNext}}]]
2022-04-17 10:55:29.389066: W tensorflow/core/common_runtime/base_collective_executor.cc:217] BaseCollectiveExecutor::StartAbort Out of range: End of sequence
	 [[{{node IteratorGetNext}}]]
2022-04-17 10:55:43.015652: W tensorflow/core/common_runtime/base_collective_executor.cc:217] BaseCollectiveExecutor::StartAbort Out of range: End of sequence
	 [[{{node IteratorGetNext}}]]
2022-04-17 10:55:56.400672: W tensorflow/core/common_runtime/base_collective_executor.cc:217] BaseCollectiveExecutor::StartAbort Out of range: End of sequence
	 [[{{node IteratorGetNext}}]]
2022-04-17 10:56:09.895013: W tensorflow/core/common_runtime/base_collective_executor.cc:217] BaseCollectiveExecutor::StartAbort Out of range: End of sequence
	 [[{{node IteratorGetNext}}]]
2022-04-17 10:56:23.228190: W tensorflow/core/common_runtime/base_collective_executor.cc:217] BaseCollectiveExecutor::StartAbort Out of range: End of sequence
	 [[{{node IteratorGetNext}}]]
2022-04-17 10:56:36.425288: W tensorflow/core/common_runtime/base_collective_executor.cc:217] BaseCollectiveExecutor::StartAbort Out of range: End of sequence
	 [[{{node IteratorGetNext}}]]
2022-04-17 10:56:49.799349: W tensorflow/core/common_runtime/base_collective_executor.cc:217] BaseCollectiveExecutor::StartAbort Out of range: End of sequence
	 [[{{node IteratorGetNext}}]]
2022-04-17 10:57:03.393296: W tensorflow/core/common_runtime/base_collective_executor.cc:217] BaseCollectiveExecutor::StartAbort Out of range: End of sequence
	 [[{{node IteratorGetNext}}]]
2022-04-17 10:57:16.880699: W tensorflow/core/common_runtime/base_collective_executor.cc:217] BaseCollectiveExecutor::StartAbort Out of range: End of sequence
	 [[{{node IteratorGetNext}}]]
2022-04-17 10:57:30.112357: W tensorflow/core/common_runtime/base_collective_executor.cc:217] BaseCollectiveExecutor::StartAbort Out of range: End of sequence
	 [[{{node IteratorGetNext}}]]
2022-04-17 10:57:43.506139: W tensorflow/core/common_runtime/base_collective_executor.cc:217] BaseCollectiveExecutor::StartAbort Out of range: End of sequence
	 [[{{node IteratorGetNext}}]]
2022-04-17 10:57:57.124059: W tensorflow/core/common_runtime/base_collective_executor.cc:217] BaseCollectiveExecutor::StartAbort Out of range: End of sequence
	 [[{{node IteratorGetNext}}]]
2022-04-17 10:58:10.656841: W tensorflow/core/common_runtime/base_collective_executor.cc:217] BaseCollectiveExecutor::StartAbort Out of range: End of sequence
	 [[{{node IteratorGetNext}}]]
2022-04-17 10:58:24.203528: W tensorflow/core/common_runtime/base_collective_executor.cc:217] BaseCollectiveExecutor::StartAbort Out of range: End of sequence
	 [[{{node IteratorGetNext}}]]
2022-04-17 10:58:37.738924: W tensorflow/core/common_runtime/base_collective_executor.cc:217] BaseCollectiveExecutor::StartAbort Out of range: End of sequence
	 [[{{node IteratorGetNext}}]]
2022-04-17 10:58:51.107403: W tensorflow/core/common_runtime/base_collective_executor.cc:217] BaseCollectiveExecutor::StartAbort Out of range: End of sequence
	 [[{{node IteratorGetNext}}]]
2022-04-17 10:59:04.527242: W tensorflow/core/common_runtime/base_collective_executor.cc:217] BaseCollectiveExecutor::StartAbort Out of range: End of sequence
	 [[{{node IteratorGetNext}}]]
2022-04-17 10:59:17.907230: W tensorflow/core/common_runtime/base_collective_executor.cc:217] BaseCollectiveExecutor::StartAbort Out of range: End of sequence
	 [[{{node IteratorGetNext}}]]
2022-04-17 10:59:31.437832: W tensorflow/core/common_runtime/base_collective_executor.cc:217] BaseCollectiveExecutor::StartAbort Out of range: End of sequence
	 [[{{node IteratorGetNext}}]]
2022-04-17 10:59:44.955499: W tensorflow/core/common_runtime/base_collective_executor.cc:217] BaseCollectiveExecutor::StartAbort Out of range: End of sequence
	 [[{{node IteratorGetNext}}]]
2022-04-17 10:59:58.640854: W tensorflow/core/common_runtime/base_collective_executor.cc:217] BaseCollectiveExecutor::StartAbort Out of range: End of sequence
	 [[{{node IteratorGetNext}}]]
2022-04-17 11:00:12.213691: W tensorflow/core/common_runtime/base_collective_executor.cc:217] BaseCollectiveExecutor::StartAbort Out of range: End of sequence
	 [[{{node IteratorGetNext}}]]
2022-04-17 11:00:25.892684: W tensorflow/core/common_runtime/base_collective_executor.cc:217] BaseCollectiveExecutor::StartAbort Out of range: End of sequence
	 [[{{node IteratorGetNext}}]]
2022-04-17 11:00:39.258734: W tensorflow/core/common_runtime/base_collective_executor.cc:217] BaseCollectiveExecutor::StartAbort Out of range: End of sequence
	 [[{{node IteratorGetNext}}]]
2022-04-17 11:00:52.737214: W tensorflow/core/common_runtime/base_collective_executor.cc:217] BaseCollectiveExecutor::StartAbort Out of range: End of sequence
	 [[{{node IteratorGetNext}}]]
2022-04-17 11:01:06.301981: W tensorflow/core/common_runtime/base_collective_executor.cc:217] BaseCollectiveExecutor::StartAbort Out of range: End of sequence
	 [[{{node IteratorGetNext}}]]
2022-04-17 11:01:19.697812: W tensorflow/core/common_runtime/base_collective_executor.cc:217] BaseCollectiveExecutor::StartAbort Out of range: End of sequence
	 [[{{node IteratorGetNext}}]]
2022-04-17 11:01:33.178538: W tensorflow/core/common_runtime/base_collective_executor.cc:217] BaseCollectiveExecutor::StartAbort Out of range: End of sequence
	 [[{{node IteratorGetNext}}]]
2022-04-17 11:01:46.566697: W tensorflow/core/common_runtime/base_collective_executor.cc:217] BaseCollectiveExecutor::StartAbort Out of range: End of sequence
	 [[{{node IteratorGetNext}}]]
2022-04-17 11:01:59.998978: W tensorflow/core/common_runtime/base_collective_executor.cc:217] BaseCollectiveExecutor::StartAbort Out of range: End of sequence
	 [[{{node IteratorGetNext}}]]
2022-04-17 11:02:13.645520: W tensorflow/core/common_runtime/base_collective_executor.cc:217] BaseCollectiveExecutor::StartAbort Out of range: End of sequence
	 [[{{node IteratorGetNext}}]]
2022-04-17 11:02:27.302098: W tensorflow/core/common_runtime/base_collective_executor.cc:217] BaseCollectiveExecutor::StartAbort Out of range: End of sequence
	 [[{{node IteratorGetNext}}]]
2022-04-17 11:02:40.755654: W tensorflow/core/common_runtime/base_collective_executor.cc:217] BaseCollectiveExecutor::StartAbort Out of range: End of sequence
	 [[{{node IteratorGetNext}}]]
2022-04-17 11:02:54.229011: W tensorflow/core/common_runtime/base_collective_executor.cc:217] BaseCollectiveExecutor::StartAbort Out of range: End of sequence
	 [[{{node IteratorGetNext}}]]
2022-04-17 11:03:07.619153: W tensorflow/core/common_runtime/base_collective_executor.cc:217] BaseCollectiveExecutor::StartAbort Out of range: End of sequence
	 [[{{node IteratorGetNext}}]]
2022-04-17 11:03:20.976980: W tensorflow/core/common_runtime/base_collective_executor.cc:217] BaseCollectiveExecutor::StartAbort Out of range: End of sequence
	 [[{{node IteratorGetNext}}]]
2022-04-17 11:03:34.612695: W tensorflow/core/common_runtime/base_collective_executor.cc:217] BaseCollectiveExecutor::StartAbort Out of range: End of sequence
	 [[{{node IteratorGetNext}}]]
2022-04-17 11:03:48.025524: W tensorflow/core/common_runtime/base_collective_executor.cc:217] BaseCollectiveExecutor::StartAbort Out of range: End of sequence
	 [[{{node IteratorGetNext}}]]
2022-04-17 11:04:01.495697: W tensorflow/core/common_runtime/base_collective_executor.cc:217] BaseCollectiveExecutor::StartAbort Out of range: End of sequence
	 [[{{node IteratorGetNext}}]]
2022-04-17 11:04:14.897573: W tensorflow/core/common_runtime/base_collective_executor.cc:217] BaseCollectiveExecutor::StartAbort Out of range: End of sequence
	 [[{{node IteratorGetNext}}]]
2022-04-17 11:04:28.606188: W tensorflow/core/common_runtime/base_collective_executor.cc:217] BaseCollectiveExecutor::StartAbort Out of range: End of sequence
	 [[{{node IteratorGetNext}}]]
2022-04-17 11:04:42.288093: W tensorflow/core/common_runtime/base_collective_executor.cc:217] BaseCollectiveExecutor::StartAbort Out of range: End of sequence
	 [[{{node IteratorGetNext}}]]
2022-04-17 11:04:55.818137: W tensorflow/core/common_runtime/base_collective_executor.cc:217] BaseCollectiveExecutor::StartAbort Out of range: End of sequence
	 [[{{node IteratorGetNext}}]]
2022-04-17 11:05:09.165380: W tensorflow/core/common_runtime/base_collective_executor.cc:217] BaseCollectiveExecutor::StartAbort Out of range: End of sequence
	 [[{{node IteratorGetNext}}]]
2022-04-17 11:05:22.637328: W tensorflow/core/common_runtime/base_collective_executor.cc:217] BaseCollectiveExecutor::StartAbort Out of range: End of sequence
	 [[{{node IteratorGetNext}}]]
2022-04-17 11:05:36.094197: W tensorflow/core/common_runtime/base_collective_executor.cc:217] BaseCollectiveExecutor::StartAbort Out of range: End of sequence
	 [[{{node IteratorGetNext}}]]
2022-04-17 11:05:49.682100: W tensorflow/core/common_runtime/base_collective_executor.cc:217] BaseCollectiveExecutor::StartAbort Out of range: End of sequence
	 [[{{node IteratorGetNext}}]]
2022-04-17 11:06:03.025086: W tensorflow/core/common_runtime/base_collective_executor.cc:217] BaseCollectiveExecutor::StartAbort Out of range: End of sequence
	 [[{{node IteratorGetNext}}]]
2022-04-17 11:06:16.649329: W tensorflow/core/common_runtime/base_collective_executor.cc:217] BaseCollectiveExecutor::StartAbort Out of range: End of sequence
	 [[{{node IteratorGetNext}}]]
2022-04-17 11:06:30.120843: W tensorflow/core/common_runtime/base_collective_executor.cc:217] BaseCollectiveExecutor::StartAbort Out of range: End of sequence
	 [[{{node IteratorGetNext}}]]
2022-04-17 11:06:43.755723: W tensorflow/core/common_runtime/base_collective_executor.cc:217] BaseCollectiveExecutor::StartAbort Out of range: End of sequence
	 [[{{node IteratorGetNext}}]]
2022-04-17 11:06:57.432823: W tensorflow/core/common_runtime/base_collective_executor.cc:217] BaseCollectiveExecutor::StartAbort Out of range: End of sequence
	 [[{{node IteratorGetNext}}]]
2022-04-17 11:07:10.873227: W tensorflow/core/common_runtime/base_collective_executor.cc:217] BaseCollectiveExecutor::StartAbort Out of range: End of sequence
	 [[{{node IteratorGetNext}}]]
2022-04-17 11:07:24.309251: W tensorflow/core/common_runtime/base_collective_executor.cc:217] BaseCollectiveExecutor::StartAbort Out of range: End of sequence
	 [[{{node IteratorGetNext}}]]
2022-04-17 11:07:37.661128: W tensorflow/core/common_runtime/base_collective_executor.cc:217] BaseCollectiveExecutor::StartAbort Out of range: End of sequence
	 [[{{node IteratorGetNext}}]]
2022-04-17 11:07:51.206171: W tensorflow/core/common_runtime/base_collective_executor.cc:217] BaseCollectiveExecutor::StartAbort Out of range: End of sequence
	 [[{{node IteratorGetNext}}]]
2022-04-17 11:08:04.724615: W tensorflow/core/common_runtime/base_collective_executor.cc:217] BaseCollectiveExecutor::StartAbort Out of range: End of sequence
	 [[{{node IteratorGetNext}}]]
2022-04-17 11:08:18.086265: W tensorflow/core/common_runtime/base_collective_executor.cc:217] BaseCollectiveExecutor::StartAbort Out of range: End of sequence
	 [[{{node IteratorGetNext}}]]
2022-04-17 11:08:31.686159: W tensorflow/core/common_runtime/base_collective_executor.cc:217] BaseCollectiveExecutor::StartAbort Out of range: End of sequence
	 [[{{node IteratorGetNext}}]]
2022-04-17 11:08:45.283925: W tensorflow/core/common_runtime/base_collective_executor.cc:217] BaseCollectiveExecutor::StartAbort Out of range: End of sequence
	 [[{{node IteratorGetNext}}]]
2022-04-17 11:08:58.809523: W tensorflow/core/common_runtime/base_collective_executor.cc:217] BaseCollectiveExecutor::StartAbort Out of range: End of sequence
	 [[{{node IteratorGetNext}}]]
2022-04-17 11:09:12.194981: W tensorflow/core/common_runtime/base_collective_executor.cc:217] BaseCollectiveExecutor::StartAbort Out of range: End of sequence
	 [[{{node IteratorGetNext}}]]
2022-04-17 11:09:25.540556: W tensorflow/core/common_runtime/base_collective_executor.cc:217] BaseCollectiveExecutor::StartAbort Out of range: End of sequence
	 [[{{node IteratorGetNext}}]]
2022-04-17 11:09:38.796079: W tensorflow/core/common_runtime/base_collective_executor.cc:217] BaseCollectiveExecutor::StartAbort Out of range: End of sequence
	 [[{{node IteratorGetNext}}]]
2022-04-17 11:09:52.202079: W tensorflow/core/common_runtime/base_collective_executor.cc:217] BaseCollectiveExecutor::StartAbort Out of range: End of sequence
	 [[{{node IteratorGetNext}}]]
2022-04-17 11:10:05.674034: W tensorflow/core/common_runtime/base_collective_executor.cc:217] BaseCollectiveExecutor::StartAbort Out of range: End of sequence
	 [[{{node IteratorGetNext}}]]
2022-04-17 11:10:19.281019: W tensorflow/core/common_runtime/base_collective_executor.cc:217] BaseCollectiveExecutor::StartAbort Out of range: End of sequence
	 [[{{node IteratorGetNext}}]]
2022-04-17 11:10:32.572580: W tensorflow/core/common_runtime/base_collective_executor.cc:217] BaseCollectiveExecutor::StartAbort Out of range: End of sequence
	 [[{{node IteratorGetNext}}]]
2022-04-17 11:10:46.076486: W tensorflow/core/common_runtime/base_collective_executor.cc:217] BaseCollectiveExecutor::StartAbort Out of range: End of sequence
	 [[{{node IteratorGetNext}}]]
2022-04-17 11:10:59.609169: W tensorflow/core/common_runtime/base_collective_executor.cc:217] BaseCollectiveExecutor::StartAbort Out of range: End of sequence
	 [[{{node IteratorGetNext}}]]
2022-04-17 11:11:13.258765: W tensorflow/core/common_runtime/base_collective_executor.cc:217] BaseCollectiveExecutor::StartAbort Out of range: End of sequence
	 [[{{node IteratorGetNext}}]]
2022-04-17 11:11:26.690383: W tensorflow/core/common_runtime/base_collective_executor.cc:217] BaseCollectiveExecutor::StartAbort Out of range: End of sequence
	 [[{{node IteratorGetNext}}]]
2022-04-17 11:11:40.297072: W tensorflow/core/common_runtime/base_collective_executor.cc:217] BaseCollectiveExecutor::StartAbort Out of range: End of sequence
	 [[{{node IteratorGetNext}}]]
2022-04-17 11:11:53.680650: W tensorflow/core/common_runtime/base_collective_executor.cc:217] BaseCollectiveExecutor::StartAbort Out of range: End of sequence
	 [[{{node IteratorGetNext}}]]
2022-04-17 11:12:07.209733: W tensorflow/core/common_runtime/base_collective_executor.cc:217] BaseCollectiveExecutor::StartAbort Out of range: End of sequence
	 [[{{node IteratorGetNext}}]]
2022-04-17 11:12:20.679836: W tensorflow/core/common_runtime/base_collective_executor.cc:217] BaseCollectiveExecutor::StartAbort Out of range: End of sequence
	 [[{{node IteratorGetNext}}]]
2022-04-17 11:12:33.981699: W tensorflow/core/common_runtime/base_collective_executor.cc:217] BaseCollectiveExecutor::StartAbort Out of range: End of sequence
	 [[{{node IteratorGetNext}}]]
2022-04-17 11:12:47.554858: W tensorflow/core/common_runtime/base_collective_executor.cc:217] BaseCollectiveExecutor::StartAbort Out of range: End of sequence
	 [[{{node IteratorGetNext}}]]
2022-04-17 11:13:01.135075: W tensorflow/core/common_runtime/base_collective_executor.cc:217] BaseCollectiveExecutor::StartAbort Out of range: End of sequence
	 [[{{node IteratorGetNext}}]]
2022-04-17 11:13:14.418234: W tensorflow/core/common_runtime/base_collective_executor.cc:217] BaseCollectiveExecutor::StartAbort Out of range: End of sequence
	 [[{{node IteratorGetNext}}]]
2022-04-17 11:13:27.978876: W tensorflow/core/common_runtime/base_collective_executor.cc:217] BaseCollectiveExecutor::StartAbort Out of range: End of sequence
	 [[{{node IteratorGetNext}}]]
2022-04-17 11:13:41.353388: W tensorflow/core/common_runtime/base_collective_executor.cc:217] BaseCollectiveExecutor::StartAbort Out of range: End of sequence
	 [[{{node IteratorGetNext}}]]
2022-04-17 11:13:54.808999: W tensorflow/core/common_runtime/base_collective_executor.cc:217] BaseCollectiveExecutor::StartAbort Out of range: End of sequence
	 [[{{node IteratorGetNext}}]]
2022-04-17 11:14:08.370570: W tensorflow/core/common_runtime/base_collective_executor.cc:217] BaseCollectiveExecutor::StartAbort Out of range: End of sequence
	 [[{{node IteratorGetNext}}]]
2022-04-17 11:14:21.772888: W tensorflow/core/common_runtime/base_collective_executor.cc:217] BaseCollectiveExecutor::StartAbort Out of range: End of sequence
	 [[{{node IteratorGetNext}}]]
2022-04-17 11:14:35.033246: W tensorflow/core/common_runtime/base_collective_executor.cc:217] BaseCollectiveExecutor::StartAbort Out of range: End of sequence
	 [[{{node IteratorGetNext}}]]
2022-04-17 11:14:48.376358: W tensorflow/core/common_runtime/base_collective_executor.cc:217] BaseCollectiveExecutor::StartAbort Out of range: End of sequence
	 [[{{node IteratorGetNext}}]]
2022-04-17 11:15:01.807899: W tensorflow/core/common_runtime/base_collective_executor.cc:217] BaseCollectiveExecutor::StartAbort Out of range: End of sequence
	 [[{{node IteratorGetNext}}]]
2022-04-17 11:15:15.083289: W tensorflow/core/common_runtime/base_collective_executor.cc:217] BaseCollectiveExecutor::StartAbort Out of range: End of sequence
	 [[{{node IteratorGetNext}}]]
2022-04-17 11:15:28.529257: W tensorflow/core/common_runtime/base_collective_executor.cc:217] BaseCollectiveExecutor::StartAbort Out of range: End of sequence
	 [[{{node IteratorGetNext}}]]
2022-04-17 11:15:41.850320: W tensorflow/core/common_runtime/base_collective_executor.cc:217] BaseCollectiveExecutor::StartAbort Out of range: End of sequence
	 [[{{node IteratorGetNext}}]]
2022-04-17 11:15:55.321392: W tensorflow/core/common_runtime/base_collective_executor.cc:217] BaseCollectiveExecutor::StartAbort Out of range: End of sequence
	 [[{{node IteratorGetNext}}]]
2022-04-17 11:16:08.987159: W tensorflow/core/common_runtime/base_collective_executor.cc:217] BaseCollectiveExecutor::StartAbort Out of range: End of sequence
	 [[{{node IteratorGetNext}}]]
2022-04-17 11:16:22.489775: W tensorflow/core/common_runtime/base_collective_executor.cc:217] BaseCollectiveExecutor::StartAbort Out of range: End of sequence
	 [[{{node IteratorGetNext}}]]
2022-04-17 11:16:36.115901: W tensorflow/core/common_runtime/base_collective_executor.cc:217] BaseCollectiveExecutor::StartAbort Out of range: End of sequence
	 [[{{node IteratorGetNext}}]]
2022-04-17 11:16:49.676827: W tensorflow/core/common_runtime/base_collective_executor.cc:217] BaseCollectiveExecutor::StartAbort Out of range: End of sequence
	 [[{{node IteratorGetNext}}]]
2022-04-17 11:17:03.230758: W tensorflow/core/common_runtime/base_collective_executor.cc:217] BaseCollectiveExecutor::StartAbort Out of range: End of sequence
	 [[{{node IteratorGetNext}}]]
2022-04-17 11:17:16.838220: W tensorflow/core/common_runtime/base_collective_executor.cc:217] BaseCollectiveExecutor::StartAbort Out of range: End of sequence
	 [[{{node IteratorGetNext}}]]
2022-04-17 11:17:30.134329: W tensorflow/core/common_runtime/base_collective_executor.cc:217] BaseCollectiveExecutor::StartAbort Out of range: End of sequence
	 [[{{node IteratorGetNext}}]]
2022-04-17 11:17:43.523320: W tensorflow/core/common_runtime/base_collective_executor.cc:217] BaseCollectiveExecutor::StartAbort Out of range: End of sequence
	 [[{{node IteratorGetNext}}]]
2022-04-17 11:17:57.034656: W tensorflow/core/common_runtime/base_collective_executor.cc:217] BaseCollectiveExecutor::StartAbort Out of range: End of sequence
	 [[{{node IteratorGetNext}}]]
2022-04-17 11:18:10.356309: W tensorflow/core/common_runtime/base_collective_executor.cc:217] BaseCollectiveExecutor::StartAbort Out of range: End of sequence
	 [[{{node IteratorGetNext}}]]
2022-04-17 11:18:23.714647: W tensorflow/core/common_runtime/base_collective_executor.cc:217] BaseCollectiveExecutor::StartAbort Out of range: End of sequence
	 [[{{node IteratorGetNext}}]]
2022-04-17 11:18:37.191138: W tensorflow/core/common_runtime/base_collective_executor.cc:217] BaseCollectiveExecutor::StartAbort Out of range: End of sequence
	 [[{{node IteratorGetNext}}]]
2022-04-17 11:18:50.722041: W tensorflow/core/common_runtime/base_collective_executor.cc:217] BaseCollectiveExecutor::StartAbort Out of range: End of sequence
	 [[{{node IteratorGetNext}}]]
2022-04-17 11:19:04.189892: W tensorflow/core/common_runtime/base_collective_executor.cc:217] BaseCollectiveExecutor::StartAbort Out of range: End of sequence
	 [[{{node IteratorGetNext}}]]
2022-04-17 11:19:17.744412: W tensorflow/core/common_runtime/base_collective_executor.cc:217] BaseCollectiveExecutor::StartAbort Out of range: End of sequence
	 [[{{node IteratorGetNext}}]]
2022-04-17 11:19:31.296249: W tensorflow/core/common_runtime/base_collective_executor.cc:217] BaseCollectiveExecutor::StartAbort Out of range: End of sequence
	 [[{{node IteratorGetNext}}]]
2022-04-17 11:19:44.478691: W tensorflow/core/common_runtime/base_collective_executor.cc:217] BaseCollectiveExecutor::StartAbort Out of range: End of sequence
	 [[{{node IteratorGetNext}}]]
2022-04-17 11:19:57.808159: W tensorflow/core/common_runtime/base_collective_executor.cc:217] BaseCollectiveExecutor::StartAbort Out of range: End of sequence
	 [[{{node IteratorGetNext}}]]
/anaconda/envs/RL-GraphINVENT-env/lib/python3.6/site-packages/tensorflow_core/python/framework/indexed_slices.py:433: UserWarning: Converting sparse IndexedSlices to a dense Tensor of unknown shape. This may consume a large amount of memory.
  "Converting sparse IndexedSlices to a dense Tensor of unknown shape. "
/anaconda/envs/RL-GraphINVENT-env/lib/python3.6/site-packages/tensorflow_core/python/framework/indexed_slices.py:433: UserWarning: Converting sparse IndexedSlices to a dense Tensor of unknown shape. This may consume a large amount of memory.
  "Converting sparse IndexedSlices to a dense Tensor of unknown shape. "
/anaconda/envs/RL-GraphINVENT-env/lib/python3.6/site-packages/tensorflow_core/python/framework/indexed_slices.py:433: UserWarning: Converting sparse IndexedSlices to a dense Tensor of unknown shape. This may consume a large amount of memory.
  "Converting sparse IndexedSlices to a dense Tensor of unknown shape. "
/anaconda/envs/RL-GraphINVENT-env/lib/python3.6/site-packages/tensorflow_core/python/framework/indexed_slices.py:433: UserWarning: Converting sparse IndexedSlices to a dense Tensor of unknown shape. This may consume a large amount of memory.
  "Converting sparse IndexedSlices to a dense Tensor of unknown shape. "
/anaconda/envs/RL-GraphINVENT-env/lib/python3.6/site-packages/tensorflow_core/python/framework/indexed_slices.py:433: UserWarning: Converting sparse IndexedSlices to a dense Tensor of unknown shape. This may consume a large amount of memory.
  "Converting sparse IndexedSlices to a dense Tensor of unknown shape. "
/anaconda/envs/RL-GraphINVENT-env/lib/python3.6/site-packages/tensorflow_core/python/framework/indexed_slices.py:433: UserWarning: Converting sparse IndexedSlices to a dense Tensor of unknown shape. This may consume a large amount of memory.
  "Converting sparse IndexedSlices to a dense Tensor of unknown shape. "
/anaconda/envs/RL-GraphINVENT-env/lib/python3.6/site-packages/tensorflow_core/python/framework/indexed_slices.py:433: UserWarning: Converting sparse IndexedSlices to a dense Tensor of unknown shape. This may consume a large amount of memory.
  "Converting sparse IndexedSlices to a dense Tensor of unknown shape. "
/anaconda/envs/RL-GraphINVENT-env/lib/python3.6/site-packages/tensorflow_core/python/framework/indexed_slices.py:433: UserWarning: Converting sparse IndexedSlices to a dense Tensor of unknown shape. This may consume a large amount of memory.
  "Converting sparse IndexedSlices to a dense Tensor of unknown shape. "
/anaconda/envs/RL-GraphINVENT-env/lib/python3.6/site-packages/tensorflow_core/python/framework/indexed_slices.py:433: UserWarning: Converting sparse IndexedSlices to a dense Tensor of unknown shape. This may consume a large amount of memory.
  "Converting sparse IndexedSlices to a dense Tensor of unknown shape. "
/anaconda/envs/RL-GraphINVENT-env/lib/python3.6/site-packages/tensorflow_core/python/framework/indexed_slices.py:433: UserWarning: Converting sparse IndexedSlices to a dense Tensor of unknown shape. This may consume a large amount of memory.
  "Converting sparse IndexedSlices to a dense Tensor of unknown shape. "
/anaconda/envs/RL-GraphINVENT-env/lib/python3.6/site-packages/tensorflow_core/python/framework/indexed_slices.py:433: UserWarning: Converting sparse IndexedSlices to a dense Tensor of unknown shape. This may consume a large amount of memory.
  "Converting sparse IndexedSlices to a dense Tensor of unknown shape. "
/anaconda/envs/RL-GraphINVENT-env/lib/python3.6/site-packages/tensorflow_core/python/framework/indexed_slices.py:433: UserWarning: Converting sparse IndexedSlices to a dense Tensor of unknown shape. This may consume a large amount of memory.
  "Converting sparse IndexedSlices to a dense Tensor of unknown shape. "
/anaconda/envs/RL-GraphINVENT-env/lib/python3.6/site-packages/tensorflow_core/python/framework/indexed_slices.py:433: UserWarning: Converting sparse IndexedSlices to a dense Tensor of unknown shape. This may consume a large amount of memory.
  "Converting sparse IndexedSlices to a dense Tensor of unknown shape. "
/anaconda/envs/RL-GraphINVENT-env/lib/python3.6/site-packages/tensorflow_core/python/framework/indexed_slices.py:433: UserWarning: Converting sparse IndexedSlices to a dense Tensor of unknown shape. This may consume a large amount of memory.
  "Converting sparse IndexedSlices to a dense Tensor of unknown shape. "
/anaconda/envs/RL-GraphINVENT-env/lib/python3.6/site-packages/tensorflow_core/python/framework/indexed_slices.py:433: UserWarning: Converting sparse IndexedSlices to a dense Tensor of unknown shape. This may consume a large amount of memory.
  "Converting sparse IndexedSlices to a dense Tensor of unknown shape. "
/anaconda/envs/RL-GraphINVENT-env/lib/python3.6/site-packages/tensorflow_core/python/framework/indexed_slices.py:433: UserWarning: Converting sparse IndexedSlices to a dense Tensor of unknown shape. This may consume a large amount of memory.
  "Converting sparse IndexedSlices to a dense Tensor of unknown shape. "
WARNING:tensorflow:Skipping full serialization of Keras layer <tensorflow.python.keras.layers.core.Dense object at 0x7f110029b128>, because it is not built.
2022-04-17 11:20:00.273586: W tensorflow/python/util/util.cc:319] Sets are not currently considered sequences, but this may change in the future, so consider avoiding using them.
WARNING:tensorflow:From /anaconda/envs/RL-GraphINVENT-env/lib/python3.6/site-packages/tensorflow_core/python/ops/resource_variable_ops.py:1786: calling BaseResourceVariable.__init__ (from tensorflow.python.ops.resource_variable_ops) with constraint is deprecated and will be removed in a future version.
Instructions for updating:
If using Keras pass *_constraint arguments to layers.
